

   ooooooooo.               ooo        ooooo oooooooooo.  oooooooooooo
   `888   `Y88.             `88.       .888' `888'   `Y8b `888'     `8
    888   .d88' oooo    ooo  888b     d'888   888     888  888
    888ooo88P'   `88.  .8'   8 Y88. .P  888   888oooo888'  888oooo8
    888           `88..8'    8  `888'   888   888    `88b  888    "
    888            `888'     8    Y     888   888    .88P  888       o
   o888o            .8'     o8o        o888o o888bood8P'  o888ooooood8
                .o..P'
                `Y8P'


   -- date & time   : 2019-12-20 & 17:31:30
   -- git version   : 8bcac19268500a24560458ef7357a13f124c869d
   -- local masters :
   #### rank / node :      0 / Janus-MacBook-Pro.local


                     ---------------------------------------------                     
                                     FCI expansion                                     
                     ---------------------------------------------                     


 --------------------------------------------------------------------------------------------
 STATUS:  order k = 1 MBE started  ---  8 tuples in total
 --------------------------------------------------------------------------------------------
 STATUS:   [##################################################]   ---  100.00 %
 --------------------------------------------------------------------------------------------
 STATUS:  order k = 1 MBE done in 0.21s
 --------------------------------------------------------------------------------------------
 ||||||||||||||||||||||||||||||||||||||||||||||||||||||||||||||||||||||||||||||||||||||||||||
 --------------------------------------------------------------------------------------------
 RESULT:                energy for root 0 (total increment = 3.8075e-10)                 
 --------------------------------------------------------------------------------------------
 --------------------------------------------------------------------------------------------
 RESULT:      mean increment     |      min. abs. increment     |     max. abs. increment
 --------------------------------------------------------------------------------------------
 RESULT:        4.7594e-11       |           3.5547e-12         |          3.7534e-10
 --------------------------------------------------------------------------------------------
 --------------------------------------------------------------------------------------------
 RESULT:   mean # determinants   |      min. # determinants     |     max. # determinants
 --------------------------------------------------------------------------------------------
 RESULT:        1.000e+01        |           9.000e+00          |          1.100e+01
 --------------------------------------------------------------------------------------------
 ||||||||||||||||||||||||||||||||||||||||||||||||||||||||||||||||||||||||||||||||||||||||||||
 --------------------------------------------------------------------------------------------
 STATUS:  order k = 1 screening started
 --------------------------------------------------------------------------------------------
 --------------------------------------------------------------------------------------------
 STATUS:  order k = 1 screening done in 0.00s
 --------------------------------------------------------------------------------------------


 --------------------------------------------------------------------------------------------
 STATUS:  order k = 2 MBE started  ---  28 tuples in total
 --------------------------------------------------------------------------------------------
 STATUS:   [##################################################]   ---  100.00 %
 --------------------------------------------------------------------------------------------
 STATUS:  order k = 2 MBE done in 0.81s
 --------------------------------------------------------------------------------------------
 ||||||||||||||||||||||||||||||||||||||||||||||||||||||||||||||||||||||||||||||||||||||||||||
 --------------------------------------------------------------------------------------------
 RESULT:                energy for root 0 (total increment = -1.8957e-04)                
 --------------------------------------------------------------------------------------------
 --------------------------------------------------------------------------------------------
 RESULT:      mean increment     |      min. abs. increment     |     max. abs. increment
 --------------------------------------------------------------------------------------------
 RESULT:       -6.7702e-06       |           4.4564e-07         |          2.5889e-05
 --------------------------------------------------------------------------------------------
 --------------------------------------------------------------------------------------------
 RESULT:   mean # determinants   |      min. # determinants     |     max. # determinants
 --------------------------------------------------------------------------------------------
 RESULT:        6.500e+01        |           5.700e+01          |          6.900e+01
 --------------------------------------------------------------------------------------------
 ||||||||||||||||||||||||||||||||||||||||||||||||||||||||||||||||||||||||||||||||||||||||||||
 --------------------------------------------------------------------------------------------
 STATUS:  order k = 2 screening started
 --------------------------------------------------------------------------------------------
 --------------------------------------------------------------------------------------------
 STATUS:  order k = 2 screening done in 0.00s
 --------------------------------------------------------------------------------------------


 --------------------------------------------------------------------------------------------
 STATUS:  order k = 3 MBE started  ---  56 tuples in total
 --------------------------------------------------------------------------------------------
 STATUS:   [##################################################]   ---  100.00 %
 --------------------------------------------------------------------------------------------
 STATUS:  order k = 3 MBE done in 1.77s
 --------------------------------------------------------------------------------------------
 ||||||||||||||||||||||||||||||||||||||||||||||||||||||||||||||||||||||||||||||||||||||||||||
 --------------------------------------------------------------------------------------------
 RESULT:                energy for root 0 (total increment = 3.1344e-05)                 
 --------------------------------------------------------------------------------------------
 --------------------------------------------------------------------------------------------
 RESULT:      mean increment     |      min. abs. increment     |     max. abs. increment
 --------------------------------------------------------------------------------------------
 RESULT:        5.5971e-07       |           5.1189e-08         |          4.2956e-05
 --------------------------------------------------------------------------------------------
 --------------------------------------------------------------------------------------------
 RESULT:   mean # determinants   |      min. # determinants     |     max. # determinants
 --------------------------------------------------------------------------------------------
 RESULT:        3.200e+02        |           3.170e+02          |          3.250e+02
 --------------------------------------------------------------------------------------------
 ||||||||||||||||||||||||||||||||||||||||||||||||||||||||||||||||||||||||||||||||||||||||||||
 --------------------------------------------------------------------------------------------
 STATUS:  order k = 3 screening started
 --------------------------------------------------------------------------------------------
 --------------------------------------------------------------------------------------------
 STATUS:  order k = 3 screening done in 0.00s
 --------------------------------------------------------------------------------------------


 --------------------------------------------------------------------------------------------
 STATUS:  order k = 4 MBE started  ---  70 tuples in total
 --------------------------------------------------------------------------------------------
 STATUS:   [##################################################]   ---  100.00 %
 --------------------------------------------------------------------------------------------
 STATUS:  order k = 4 MBE done in 2.62s
 --------------------------------------------------------------------------------------------
 ||||||||||||||||||||||||||||||||||||||||||||||||||||||||||||||||||||||||||||||||||||||||||||
 --------------------------------------------------------------------------------------------
 RESULT:                energy for root 0 (total increment = -5.7625e-04)                
 --------------------------------------------------------------------------------------------
 --------------------------------------------------------------------------------------------
 RESULT:      mean increment     |      min. abs. increment     |     max. abs. increment
 --------------------------------------------------------------------------------------------
 RESULT:       -8.2321e-06       |           1.5328e-08         |          4.4874e-05
 --------------------------------------------------------------------------------------------
 --------------------------------------------------------------------------------------------
 RESULT:   mean # determinants   |      min. # determinants     |     max. # determinants
 --------------------------------------------------------------------------------------------
 RESULT:        1.254e+03        |           1.234e+03          |          1.284e+03
 --------------------------------------------------------------------------------------------
 ||||||||||||||||||||||||||||||||||||||||||||||||||||||||||||||||||||||||||||||||||||||||||||
 --------------------------------------------------------------------------------------------
 STATUS:  order k = 4 screening started
 --------------------------------------------------------------------------------------------
 --------------------------------------------------------------------------------------------
 STATUS:  order k = 4 screening done in 0.00s
 --------------------------------------------------------------------------------------------


 --------------------------------------------------------------------------------------------
 STATUS:  order k = 5 MBE started  ---  56 tuples in total
 --------------------------------------------------------------------------------------------
 STATUS:   [##################################################]   ---  100.00 %
 --------------------------------------------------------------------------------------------
 STATUS:  order k = 5 MBE done in 2.19s
 --------------------------------------------------------------------------------------------
 ||||||||||||||||||||||||||||||||||||||||||||||||||||||||||||||||||||||||||||||||||||||||||||
 --------------------------------------------------------------------------------------------
 RESULT:                energy for root 0 (total increment = 1.9943e-04)                 
 --------------------------------------------------------------------------------------------
 --------------------------------------------------------------------------------------------
 RESULT:      mean increment     |      min. abs. increment     |     max. abs. increment
 --------------------------------------------------------------------------------------------
 RESULT:        3.5613e-06       |           2.0728e-09         |          3.4277e-05
 --------------------------------------------------------------------------------------------
 --------------------------------------------------------------------------------------------
 RESULT:   mean # determinants   |      min. # determinants     |     max. # determinants
 --------------------------------------------------------------------------------------------
 RESULT:        4.047e+03        |           4.036e+03          |          4.076e+03
 --------------------------------------------------------------------------------------------
 ||||||||||||||||||||||||||||||||||||||||||||||||||||||||||||||||||||||||||||||||||||||||||||
 --------------------------------------------------------------------------------------------
 STATUS:  order k = 5 screening started
 --------------------------------------------------------------------------------------------
 --------------------------------------------------------------------------------------------
 STATUS:  order k = 5 screening done in 0.00s
 --------------------------------------------------------------------------------------------


 --------------------------------------------------------------------------------------------
 STATUS:  order k = 6 MBE started  ---  28 tuples in total
 --------------------------------------------------------------------------------------------
 STATUS:   [##################################################]   ---  100.00 %
 --------------------------------------------------------------------------------------------
 STATUS:  order k = 6 MBE done in 1.54s
 --------------------------------------------------------------------------------------------
 ||||||||||||||||||||||||||||||||||||||||||||||||||||||||||||||||||||||||||||||||||||||||||||
 --------------------------------------------------------------------------------------------
 RESULT:                energy for root 0 (total increment = 2.8984e-05)                 
 --------------------------------------------------------------------------------------------
 --------------------------------------------------------------------------------------------
 RESULT:      mean increment     |      min. abs. increment     |     max. abs. increment
 --------------------------------------------------------------------------------------------
 RESULT:        1.0351e-06       |           6.6828e-08         |          7.2562e-06
 --------------------------------------------------------------------------------------------
 --------------------------------------------------------------------------------------------
 RESULT:   mean # determinants   |      min. # determinants     |     max. # determinants
 --------------------------------------------------------------------------------------------
 RESULT:        1.122e+04        |           1.108e+04          |          1.152e+04
 --------------------------------------------------------------------------------------------
 ||||||||||||||||||||||||||||||||||||||||||||||||||||||||||||||||||||||||||||||||||||||||||||
 --------------------------------------------------------------------------------------------
 STATUS:  order k = 6 screening started
 --------------------------------------------------------------------------------------------
 --------------------------------------------------------------------------------------------
 STATUS:  order k = 6 screening done in 0.00s
 --------------------------------------------------------------------------------------------


 --------------------------------------------------------------------------------------------
 STATUS:  order k = 7 MBE started  ---  7 tuples in total
 --------------------------------------------------------------------------------------------
 STATUS:   [##################################################]   ---  100.00 %
 --------------------------------------------------------------------------------------------
 STATUS:  order k = 7 MBE done in 0.75s
 --------------------------------------------------------------------------------------------
 ||||||||||||||||||||||||||||||||||||||||||||||||||||||||||||||||||||||||||||||||||||||||||||
 --------------------------------------------------------------------------------------------
 RESULT:                energy for root 0 (total increment = -1.7598e-05)                
 --------------------------------------------------------------------------------------------
 --------------------------------------------------------------------------------------------
 RESULT:      mean increment     |      min. abs. increment     |     max. abs. increment
 --------------------------------------------------------------------------------------------
 RESULT:       -2.5141e-06       |           7.9046e-07         |          5.1371e-06
 --------------------------------------------------------------------------------------------
 --------------------------------------------------------------------------------------------
 RESULT:   mean # determinants   |      min. # determinants     |     max. # determinants
 --------------------------------------------------------------------------------------------
 RESULT:        2.759e+04        |           2.727e+04          |          2.928e+04
 --------------------------------------------------------------------------------------------
 ||||||||||||||||||||||||||||||||||||||||||||||||||||||||||||||||||||||||||||||||||||||||||||
 --------------------------------------------------------------------------------------------
 STATUS:  order k = 7 screening started
 --------------------------------------------------------------------------------------------
 --------------------------------------------------------------------------------------------
 STATUS:  order k = 7 screening done in 0.00s
 STATUS:                  *** convergence has been reached ***                         
 --------------------------------------------------------------------------------------------


