

   ooooooooo.               ooo        ooooo oooooooooo.  oooooooooooo
   `888   `Y88.             `88.       .888' `888'   `Y8b `888'     `8
    888   .d88' oooo    ooo  888b     d'888   888     888  888
    888ooo88P'   `88.  .8'   8 Y88. .P  888   888oooo888'  888oooo8
    888           `88..8'    8  `888'   888   888    `88b  888    "
    888            `888'     8    Y     888   888    .88P  888       o
   o888o            .8'     o8o        o888o o888bood8P'  o888ooooood8
                .o..P'
                `Y8P'


   -- date & time   : 2020-03-09 & 12:34:13
   -- git version   : 24501d273739aa6cb8a19f37d7cb4f38d22290aa
   -- local masters :
   #### rank / node :      0 / eduroam-6-127.nomadic.bris.ac.uk


                     ---------------------------------------------                     
                                     FCI expansion                                     
                     ---------------------------------------------                     


 --------------------------------------------------------------------------------------------
 STATUS-1:  order k = 1 MBE started  ---  8 tuples in total
 --------------------------------------------------------------------------------------------
 STATUS-1:   [##################################################]   ---  100.00 %
 --------------------------------------------------------------------------------------------
 STATUS-1:   [##################################################]   ---  100.00 %
 --------------------------------------------------------------------------------------------
 STATUS-1:  order k = 1 MBE done in 0.05s  ---  8 tuples retained
 --------------------------------------------------------------------------------------------
 ||||||||||||||||||||||||||||||||||||||||||||||||||||||||||||||||||||||||||||||||||||||||||||
 --------------------------------------------------------------------------------------------
 RESULT-1:                energy for root 0 (total increment = -5.4377e-02)                
 --------------------------------------------------------------------------------------------
 --------------------------------------------------------------------------------------------
 RESULT-1:      mean increment     |      min. abs. increment     |     max. abs. increment
 --------------------------------------------------------------------------------------------
 RESULT-1:       -6.7971e-03       |           2.0060e-04         |          1.7045e-02
 --------------------------------------------------------------------------------------------
 --------------------------------------------------------------------------------------------
 RESULT-1:   mean # determinants   |      min. # determinants     |     max. # determinants
 --------------------------------------------------------------------------------------------
 RESULT-1:        1.000e+01        |           9.000e+00          |          1.100e+01
 --------------------------------------------------------------------------------------------
 ||||||||||||||||||||||||||||||||||||||||||||||||||||||||||||||||||||||||||||||||||||||||||||
 --------------------------------------------------------------------------------------------
 STATUS-1:  order k = 1 purging started
 --------------------------------------------------------------------------------------------
 STATUS-1:  order k = 1 purging done in 0.00s
 --------------------------------------------------------------------------------------------


 --------------------------------------------------------------------------------------------
 STATUS-2:  order k = 2 MBE started  ---  28 tuples in total
 --------------------------------------------------------------------------------------------
 STATUS-2:   [--------------------------------------------------]   ---    0.00 %
 STATUS-2:   [################----------------------------------]   ---   32.14 %
 STATUS-2:   [################################------------------]   ---   64.29 %
 STATUS-2:   [##################################################]   ---  100.00 %
 --------------------------------------------------------------------------------------------
 STATUS-2:   [--------------------------------------------------]   ---    0.00 %
 STATUS-2:   [################----------------------------------]   ---   32.14 %
 STATUS-2:   [################################------------------]   ---   64.29 %
 STATUS-2:   [##################################################]   ---  100.00 %
 --------------------------------------------------------------------------------------------
 STATUS-2:  order k = 2 MBE done in 0.22s  ---  28 tuples retained
 --------------------------------------------------------------------------------------------
 ||||||||||||||||||||||||||||||||||||||||||||||||||||||||||||||||||||||||||||||||||||||||||||
 --------------------------------------------------------------------------------------------
 RESULT-2:                energy for root 0 (total increment = -9.8863e-02)                
 --------------------------------------------------------------------------------------------
 --------------------------------------------------------------------------------------------
 RESULT-2:      mean increment     |      min. abs. increment     |     max. abs. increment
 --------------------------------------------------------------------------------------------
 RESULT-2:       -3.5308e-03       |           9.6341e-05         |          2.1564e-02
 --------------------------------------------------------------------------------------------
 --------------------------------------------------------------------------------------------
 RESULT-2:   mean # determinants   |      min. # determinants     |     max. # determinants
 --------------------------------------------------------------------------------------------
 RESULT-2:        6.500e+01        |           5.700e+01          |          6.900e+01
 --------------------------------------------------------------------------------------------
 ||||||||||||||||||||||||||||||||||||||||||||||||||||||||||||||||||||||||||||||||||||||||||||
 --------------------------------------------------------------------------------------------
 STATUS-2:  order k = 2 purging started
 --------------------------------------------------------------------------------------------
 STATUS-2:  order k = 2 purging done in 0.00s
 --------------------------------------------------------------------------------------------


 --------------------------------------------------------------------------------------------
 STATUS-3:  order k = 3 MBE started  ---  56 tuples in total
 --------------------------------------------------------------------------------------------
 STATUS-3:   [--------------------------------------------------]   ---    0.00 %
 STATUS-3:   [########------------------------------------------]   ---   16.07 %
 STATUS-3:   [################----------------------------------]   ---   32.14 %
 STATUS-3:   [########################--------------------------]   ---   48.21 %
 STATUS-3:   [################################------------------]   ---   64.29 %
 STATUS-3:   [########################################----------]   ---   80.36 %
 STATUS-3:   [##################################################]   ---  100.00 %
 --------------------------------------------------------------------------------------------
 STATUS-3:   [--------------------------------------------------]   ---    0.00 %
 STATUS-3:   [########------------------------------------------]   ---   16.07 %
 STATUS-3:   [################----------------------------------]   ---   32.14 %
 STATUS-3:   [########################--------------------------]   ---   48.21 %
 STATUS-3:   [################################------------------]   ---   64.29 %
 STATUS-3:   [########################################----------]   ---   80.36 %
 STATUS-3:   [##################################################]   ---  100.00 %
 --------------------------------------------------------------------------------------------
 STATUS-3:  order k = 3 MBE done in 0.55s  ---  56 tuples retained
 --------------------------------------------------------------------------------------------
 ||||||||||||||||||||||||||||||||||||||||||||||||||||||||||||||||||||||||||||||||||||||||||||
 --------------------------------------------------------------------------------------------
 RESULT-3:                energy for root 0 (total increment = 1.9514e-02)                 
 --------------------------------------------------------------------------------------------
 --------------------------------------------------------------------------------------------
 RESULT-3:      mean increment     |      min. abs. increment     |     max. abs. increment
 --------------------------------------------------------------------------------------------
 RESULT-3:        3.4846e-04       |           1.9939e-06         |          4.9418e-03
 --------------------------------------------------------------------------------------------
 --------------------------------------------------------------------------------------------
 RESULT-3:   mean # determinants   |      min. # determinants     |     max. # determinants
 --------------------------------------------------------------------------------------------
 RESULT-3:        3.200e+02        |           3.170e+02          |          3.250e+02
 --------------------------------------------------------------------------------------------
 ||||||||||||||||||||||||||||||||||||||||||||||||||||||||||||||||||||||||||||||||||||||||||||
 --------------------------------------------------------------------------------------------
 STATUS-3:  order k = 3 purging started
 --------------------------------------------------------------------------------------------
 STATUS-3:  order k = 3 purging done in 0.00s
 --------------------------------------------------------------------------------------------


 --------------------------------------------------------------------------------------------
 STATUS-4:  order k = 4 MBE started  ---  70 tuples in total
 --------------------------------------------------------------------------------------------
 STATUS-4:   [--------------------------------------------------]   ---    0.00 %
 STATUS-4:   [######--------------------------------------------]   ---   12.86 %
 STATUS-4:   [#############-------------------------------------]   ---   25.71 %
 STATUS-4:   [###################-------------------------------]   ---   38.57 %
 STATUS-4:   [##########################------------------------]   ---   51.43 %
 STATUS-4:   [################################------------------]   ---   64.29 %
 STATUS-4:   [#######################################-----------]   ---   77.14 %
 STATUS-4:   [##################################################]   ---  100.00 %
 --------------------------------------------------------------------------------------------
 STATUS-4:   [--------------------------------------------------]   ---    0.00 %
 STATUS-4:   [######--------------------------------------------]   ---   12.86 %
 STATUS-4:   [#############-------------------------------------]   ---   25.71 %
 STATUS-4:   [###################-------------------------------]   ---   38.57 %
 STATUS-4:   [##########################------------------------]   ---   51.43 %
 STATUS-4:   [################################------------------]   ---   64.29 %
 STATUS-4:   [#######################################-----------]   ---   77.14 %
 STATUS-4:   [##################################################]   ---  100.00 %
 --------------------------------------------------------------------------------------------
 STATUS-4:  order k = 4 MBE done in 0.89s  ---  70 tuples retained
 --------------------------------------------------------------------------------------------
 ||||||||||||||||||||||||||||||||||||||||||||||||||||||||||||||||||||||||||||||||||||||||||||
 --------------------------------------------------------------------------------------------
 RESULT-4:                energy for root 0 (total increment = -2.2132e-03)                
 --------------------------------------------------------------------------------------------
 --------------------------------------------------------------------------------------------
 RESULT-4:      mean increment     |      min. abs. increment     |     max. abs. increment
 --------------------------------------------------------------------------------------------
 RESULT-4:       -3.1617e-05       |           1.0717e-06         |          1.5007e-03
 --------------------------------------------------------------------------------------------
 --------------------------------------------------------------------------------------------
 RESULT-4:   mean # determinants   |      min. # determinants     |     max. # determinants
 --------------------------------------------------------------------------------------------
 RESULT-4:        1.254e+03        |           1.234e+03          |          1.284e+03
 --------------------------------------------------------------------------------------------
 ||||||||||||||||||||||||||||||||||||||||||||||||||||||||||||||||||||||||||||||||||||||||||||
 --------------------------------------------------------------------------------------------
 STATUS-4:  order k = 4 purging started
 --------------------------------------------------------------------------------------------
 STATUS-4:  order k = 4 purging done in 0.00s
 --------------------------------------------------------------------------------------------


 --------------------------------------------------------------------------------------------
 STATUS-5:  order k = 5 MBE started  ---  56 tuples in total
 --------------------------------------------------------------------------------------------
 STATUS-5:   [--------------------------------------------------]   ---    0.00 %
 STATUS-5:   [########------------------------------------------]   ---   16.07 %
 STATUS-5:   [################----------------------------------]   ---   32.14 %
 STATUS-5:   [########################--------------------------]   ---   48.21 %
 STATUS-5:   [################################------------------]   ---   64.29 %
 STATUS-5:   [########################################----------]   ---   80.36 %
 STATUS-5:   [##################################################]   ---  100.00 %
 --------------------------------------------------------------------------------------------
 STATUS-5:   [--------------------------------------------------]   ---    0.00 %
 STATUS-5:   [########------------------------------------------]   ---   16.07 %
 STATUS-5:   [################----------------------------------]   ---   32.14 %
 STATUS-5:   [########################--------------------------]   ---   48.21 %
 STATUS-5:   [################################------------------]   ---   64.29 %
 STATUS-5:   [########################################----------]   ---   80.36 %
 STATUS-5:   [##################################################]   ---  100.00 %
 --------------------------------------------------------------------------------------------
 STATUS-5:  order k = 5 MBE done in 1.17s  ---  56 tuples retained
 --------------------------------------------------------------------------------------------
 ||||||||||||||||||||||||||||||||||||||||||||||||||||||||||||||||||||||||||||||||||||||||||||
 --------------------------------------------------------------------------------------------
 RESULT-5:                energy for root 0 (total increment = 1.1677e-04)                 
 --------------------------------------------------------------------------------------------
 --------------------------------------------------------------------------------------------
 RESULT-5:      mean increment     |      min. abs. increment     |     max. abs. increment
 --------------------------------------------------------------------------------------------
 RESULT-5:        2.0852e-06       |           6.3291e-08         |          4.6663e-05
 --------------------------------------------------------------------------------------------
 --------------------------------------------------------------------------------------------
 RESULT-5:   mean # determinants   |      min. # determinants     |     max. # determinants
 --------------------------------------------------------------------------------------------
 RESULT-5:        4.047e+03        |           4.036e+03          |          4.076e+03
 --------------------------------------------------------------------------------------------
 ||||||||||||||||||||||||||||||||||||||||||||||||||||||||||||||||||||||||||||||||||||||||||||
 --------------------------------------------------------------------------------------------
 STATUS-5:  order k = 5 purging started
 --------------------------------------------------------------------------------------------
 STATUS-5:  order k = 5 purging done in 0.00s
 --------------------------------------------------------------------------------------------


 --------------------------------------------------------------------------------------------
 STATUS-6:  order k = 6 MBE started  ---  28 tuples in total
 --------------------------------------------------------------------------------------------
 STATUS-6:   [--------------------------------------------------]   ---    0.00 %
 STATUS-6:   [################----------------------------------]   ---   32.14 %
 STATUS-6:   [################################------------------]   ---   64.29 %
 STATUS-6:   [##################################################]   ---  100.00 %
 --------------------------------------------------------------------------------------------
 STATUS-6:   [##################################################]   ---  100.00 %
 --------------------------------------------------------------------------------------------
 STATUS-6:  order k = 6 MBE done in 0.63s  ---  0 tuples retained
 --------------------------------------------------------------------------------------------
 ||||||||||||||||||||||||||||||||||||||||||||||||||||||||||||||||||||||||||||||||||||||||||||
 --------------------------------------------------------------------------------------------
 RESULT-6:                energy for root 0 (total increment = -7.6229e-06)                
 --------------------------------------------------------------------------------------------
 --------------------------------------------------------------------------------------------
 RESULT-6:      mean increment     |      min. abs. increment     |     max. abs. increment
 --------------------------------------------------------------------------------------------
 RESULT-6:       -2.7225e-07       |           1.0679e-07         |          8.7396e-06
 --------------------------------------------------------------------------------------------
 --------------------------------------------------------------------------------------------
 RESULT-6:   mean # determinants   |      min. # determinants     |     max. # determinants
 --------------------------------------------------------------------------------------------
 RESULT-6:        1.122e+04        |           1.108e+04          |          1.152e+04
 --------------------------------------------------------------------------------------------
 ||||||||||||||||||||||||||||||||||||||||||||||||||||||||||||||||||||||||||||||||||||||||||||
 --------------------------------------------------------------------------------------------
 RESULT-6:  screened MOs --- [5-12]
 --------------------------------------------------------------------------------------------
 RESULT-6:  total number of screened MOs: 8
 --------------------------------------------------------------------------------------------
 ||||||||||||||||||||||||||||||||||||||||||||||||||||||||||||||||||||||||||||||||||||||||||||
 --------------------------------------------------------------------------------------------
 STATUS-6:  order k = 6 purging started
 --------------------------------------------------------------------------------------------
 STATUS-6:  order k = 6 purging done in 0.00s
 --------------------------------------------------------------------------------------------



