

   ooooooooo.               ooo        ooooo oooooooooo.  oooooooooooo
   `888   `Y88.             `88.       .888' `888'   `Y8b `888'     `8
    888   .d88' oooo    ooo  888b     d'888   888     888  888
    888ooo88P'   `88.  .8'   8 Y88. .P  888   888oooo888'  888oooo8
    888           `88..8'    8  `888'   888   888    `88b  888    "
    888            `888'     8    Y     888   888    .88P  888       o
   o888o            .8'     o8o        o888o o888bood8P'  o888ooooood8
                .o..P'
                `Y8P'


   -- date & time   : 2020-03-09 & 11:55:27
   -- git version   : 24501d273739aa6cb8a19f37d7cb4f38d22290aa
   -- local masters :
   #### rank / node :      0 / eduroam-6-127.nomadic.bris.ac.uk


                     ---------------------------------------------                     
                                     FCI expansion                                     
                     ---------------------------------------------                     


 --------------------------------------------------------------------------------------------
 STATUS-2:  order k = 2 MBE started  ---  25 tuples in total
 --------------------------------------------------------------------------------------------
 STATUS-2:   [##################################################]   ---  100.00 %
 --------------------------------------------------------------------------------------------
 STATUS-2:   [##################################################]   ---  100.00 %
 --------------------------------------------------------------------------------------------
 STATUS-2:  order k = 2 MBE done in 0.06s  ---  25 tuples retained
 --------------------------------------------------------------------------------------------
 ||||||||||||||||||||||||||||||||||||||||||||||||||||||||||||||||||||||||||||||||||||||||||||
 --------------------------------------------------------------------------------------------
 RESULT-2:                energy for root 0 (total increment = -2.1181e-01)                
 --------------------------------------------------------------------------------------------
 --------------------------------------------------------------------------------------------
 RESULT-2:      mean increment     |      min. abs. increment     |     max. abs. increment
 --------------------------------------------------------------------------------------------
 RESULT-2:       -8.4722e-03       |           4.9969e-03         |          2.2054e-02
 --------------------------------------------------------------------------------------------
 --------------------------------------------------------------------------------------------
 RESULT-2:   mean # determinants   |      min. # determinants     |     max. # determinants
 --------------------------------------------------------------------------------------------
 RESULT-2:        4.000e+00        |           4.000e+00          |          4.000e+00
 --------------------------------------------------------------------------------------------
 ||||||||||||||||||||||||||||||||||||||||||||||||||||||||||||||||||||||||||||||||||||||||||||
 --------------------------------------------------------------------------------------------
 STATUS-2:  order k = 2 purging started
 --------------------------------------------------------------------------------------------
 STATUS-2:  order k = 2 purging done in 0.00s
 --------------------------------------------------------------------------------------------


 --------------------------------------------------------------------------------------------
 STATUS-3:  order k = 3 MBE started  ---  100 tuples in total
 --------------------------------------------------------------------------------------------
 STATUS-3:   [##################################################]   ---  100.00 %
 --------------------------------------------------------------------------------------------
 STATUS-3:   [##################################################]   ---  100.00 %
 --------------------------------------------------------------------------------------------
 STATUS-3:  order k = 3 MBE done in 0.20s  ---  100 tuples retained
 --------------------------------------------------------------------------------------------
 ||||||||||||||||||||||||||||||||||||||||||||||||||||||||||||||||||||||||||||||||||||||||||||
 --------------------------------------------------------------------------------------------
 RESULT-3:                energy for root 0 (total increment = -1.2994e-02)                
 --------------------------------------------------------------------------------------------
 --------------------------------------------------------------------------------------------
 RESULT-3:      mean increment     |      min. abs. increment     |     max. abs. increment
 --------------------------------------------------------------------------------------------
 RESULT-3:       -1.2994e-04       |           1.4194e-05         |          7.2024e-03
 --------------------------------------------------------------------------------------------
 --------------------------------------------------------------------------------------------
 RESULT-3:   mean # determinants   |      min. # determinants     |     max. # determinants
 --------------------------------------------------------------------------------------------
 RESULT-3:        9.000e+00        |           9.000e+00          |          9.000e+00
 --------------------------------------------------------------------------------------------
 ||||||||||||||||||||||||||||||||||||||||||||||||||||||||||||||||||||||||||||||||||||||||||||
 --------------------------------------------------------------------------------------------
 STATUS-3:  order k = 3 purging started
 --------------------------------------------------------------------------------------------
 STATUS-3:  order k = 3 purging done in 0.00s
 --------------------------------------------------------------------------------------------


 --------------------------------------------------------------------------------------------
 STATUS-4:  order k = 4 MBE started  ---  200 tuples in total
 --------------------------------------------------------------------------------------------
 STATUS-4:   [##################################################]   ---  100.00 %
 --------------------------------------------------------------------------------------------
 STATUS-4:   [##################################################]   ---  100.00 %
 --------------------------------------------------------------------------------------------
 STATUS-4:  order k = 4 MBE done in 0.50s  ---  200 tuples retained
 --------------------------------------------------------------------------------------------
 ||||||||||||||||||||||||||||||||||||||||||||||||||||||||||||||||||||||||||||||||||||||||||||
 --------------------------------------------------------------------------------------------
 RESULT-4:                energy for root 0 (total increment = -4.3859e-01)                
 --------------------------------------------------------------------------------------------
 --------------------------------------------------------------------------------------------
 RESULT-4:      mean increment     |      min. abs. increment     |     max. abs. increment
 --------------------------------------------------------------------------------------------
 RESULT-4:       -2.1929e-03       |           7.9821e-08         |          2.3628e-02
 --------------------------------------------------------------------------------------------
 --------------------------------------------------------------------------------------------
 RESULT-4:   mean # determinants   |      min. # determinants     |     max. # determinants
 --------------------------------------------------------------------------------------------
 RESULT-4:        2.600e+01        |           1.600e+01          |          3.600e+01
 --------------------------------------------------------------------------------------------
 ||||||||||||||||||||||||||||||||||||||||||||||||||||||||||||||||||||||||||||||||||||||||||||
 --------------------------------------------------------------------------------------------
 STATUS-4:  order k = 4 purging started
 --------------------------------------------------------------------------------------------
 STATUS-4:  order k = 4 purging done in 0.00s
 --------------------------------------------------------------------------------------------


 --------------------------------------------------------------------------------------------
 STATUS-5:  order k = 5 MBE started  ---  250 tuples in total
 --------------------------------------------------------------------------------------------
 STATUS-5:   [##################################################]   ---  100.00 %
 --------------------------------------------------------------------------------------------
 STATUS-5:   [##################################################]   ---  100.00 %
 --------------------------------------------------------------------------------------------
 STATUS-5:  order k = 5 MBE done in 0.73s  ---  250 tuples retained
 --------------------------------------------------------------------------------------------
 ||||||||||||||||||||||||||||||||||||||||||||||||||||||||||||||||||||||||||||||||||||||||||||
 --------------------------------------------------------------------------------------------
 RESULT-5:                energy for root 0 (total increment = 9.8076e-03)                 
 --------------------------------------------------------------------------------------------
 --------------------------------------------------------------------------------------------
 RESULT-5:      mean increment     |      min. abs. increment     |     max. abs. increment
 --------------------------------------------------------------------------------------------
 RESULT-5:        3.9230e-05       |           1.5010e-06         |          1.6198e-03
 --------------------------------------------------------------------------------------------
 --------------------------------------------------------------------------------------------
 RESULT-5:   mean # determinants   |      min. # determinants     |     max. # determinants
 --------------------------------------------------------------------------------------------
 RESULT-5:        8.500e+01        |           2.500e+01          |          1.000e+02
 --------------------------------------------------------------------------------------------
 ||||||||||||||||||||||||||||||||||||||||||||||||||||||||||||||||||||||||||||||||||||||||||||
 --------------------------------------------------------------------------------------------
 STATUS-5:  order k = 5 purging started
 --------------------------------------------------------------------------------------------
 STATUS-5:  order k = 5 purging done in 0.00s
 --------------------------------------------------------------------------------------------


 --------------------------------------------------------------------------------------------
 STATUS-6:  order k = 6 MBE started  ---  210 tuples in total
 --------------------------------------------------------------------------------------------
 STATUS-6:   [##################################################]   ---  100.00 %
 --------------------------------------------------------------------------------------------
 STATUS-6:   [##################################################]   ---  100.00 %
 --------------------------------------------------------------------------------------------
 STATUS-6:  order k = 6 MBE done in 0.83s  ---  210 tuples retained
 --------------------------------------------------------------------------------------------
 ||||||||||||||||||||||||||||||||||||||||||||||||||||||||||||||||||||||||||||||||||||||||||||
 --------------------------------------------------------------------------------------------
 RESULT-6:                energy for root 0 (total increment = -3.5163e-02)                
 --------------------------------------------------------------------------------------------
 --------------------------------------------------------------------------------------------
 RESULT-6:      mean increment     |      min. abs. increment     |     max. abs. increment
 --------------------------------------------------------------------------------------------
 RESULT-6:       -1.6744e-04       |           1.4349e-07         |          3.9730e-03
 --------------------------------------------------------------------------------------------
 --------------------------------------------------------------------------------------------
 RESULT-6:   mean # determinants   |      min. # determinants     |     max. # determinants
 --------------------------------------------------------------------------------------------
 RESULT-6:        2.990e+02        |           3.600e+01          |          4.000e+02
 --------------------------------------------------------------------------------------------
 ||||||||||||||||||||||||||||||||||||||||||||||||||||||||||||||||||||||||||||||||||||||||||||
 --------------------------------------------------------------------------------------------
 STATUS-6:  order k = 6 purging started
 --------------------------------------------------------------------------------------------
 STATUS-6:  order k = 6 purging done in 0.00s
 --------------------------------------------------------------------------------------------


 --------------------------------------------------------------------------------------------
 STATUS-7:  order k = 7 MBE started  ---  120 tuples in total
 --------------------------------------------------------------------------------------------
 STATUS-7:   [##################################################]   ---  100.00 %
 --------------------------------------------------------------------------------------------
 STATUS-7:   [##################################################]   ---  100.00 %
 --------------------------------------------------------------------------------------------
 STATUS-7:  order k = 7 MBE done in 0.61s  ---  120 tuples retained
 --------------------------------------------------------------------------------------------
 ||||||||||||||||||||||||||||||||||||||||||||||||||||||||||||||||||||||||||||||||||||||||||||
 --------------------------------------------------------------------------------------------
 RESULT-7:                energy for root 0 (total increment = 7.2260e-03)                 
 --------------------------------------------------------------------------------------------
 --------------------------------------------------------------------------------------------
 RESULT-7:      mean increment     |      min. abs. increment     |     max. abs. increment
 --------------------------------------------------------------------------------------------
 RESULT-7:        6.0217e-05       |           1.8225e-07         |          5.6142e-04
 --------------------------------------------------------------------------------------------
 --------------------------------------------------------------------------------------------
 RESULT-7:   mean # determinants   |      min. # determinants     |     max. # determinants
 --------------------------------------------------------------------------------------------
 RESULT-7:        1.094e+03        |           4.410e+02          |          1.225e+03
 --------------------------------------------------------------------------------------------
 ||||||||||||||||||||||||||||||||||||||||||||||||||||||||||||||||||||||||||||||||||||||||||||
 --------------------------------------------------------------------------------------------
 STATUS-7:  order k = 7 purging started
 --------------------------------------------------------------------------------------------
 STATUS-7:  order k = 7 purging done in 0.00s
 --------------------------------------------------------------------------------------------


 --------------------------------------------------------------------------------------------
 STATUS-8:  order k = 8 MBE started  ---  45 tuples in total
 --------------------------------------------------------------------------------------------
 STATUS-8:   [##################################################]   ---  100.00 %
 --------------------------------------------------------------------------------------------
 STATUS-8:   [##################################################]   ---  100.00 %
 --------------------------------------------------------------------------------------------
 STATUS-8:  order k = 8 MBE done in 0.38s  ---  45 tuples retained
 --------------------------------------------------------------------------------------------
 ||||||||||||||||||||||||||||||||||||||||||||||||||||||||||||||||||||||||||||||||||||||||||||
 --------------------------------------------------------------------------------------------
 RESULT-8:                energy for root 0 (total increment = -1.1885e-02)                
 --------------------------------------------------------------------------------------------
 --------------------------------------------------------------------------------------------
 RESULT-8:      mean increment     |      min. abs. increment     |     max. abs. increment
 --------------------------------------------------------------------------------------------
 RESULT-8:       -2.6410e-04       |           5.3596e-06         |          2.6967e-03
 --------------------------------------------------------------------------------------------
 --------------------------------------------------------------------------------------------
 RESULT-8:   mean # determinants   |      min. # determinants     |     max. # determinants
 --------------------------------------------------------------------------------------------
 RESULT-8:        4.116e+03        |           3.136e+03          |          4.900e+03
 --------------------------------------------------------------------------------------------
 ||||||||||||||||||||||||||||||||||||||||||||||||||||||||||||||||||||||||||||||||||||||||||||
 --------------------------------------------------------------------------------------------
 STATUS-8:  order k = 8 purging started
 --------------------------------------------------------------------------------------------
 STATUS-8:  order k = 8 purging done in 0.00s
 --------------------------------------------------------------------------------------------


 --------------------------------------------------------------------------------------------
 STATUS-9:  order k = 9 MBE started  ---  10 tuples in total
 --------------------------------------------------------------------------------------------
 STATUS-9:   [##################################################]   ---  100.00 %
 --------------------------------------------------------------------------------------------
 STATUS-9:   [##################################################]   ---  100.00 %
 --------------------------------------------------------------------------------------------
 STATUS-9:  order k = 9 MBE done in 0.29s  ---  10 tuples retained
 --------------------------------------------------------------------------------------------
 ||||||||||||||||||||||||||||||||||||||||||||||||||||||||||||||||||||||||||||||||||||||||||||
 --------------------------------------------------------------------------------------------
 RESULT-9:                energy for root 0 (total increment = 9.3983e-04)                 
 --------------------------------------------------------------------------------------------
 --------------------------------------------------------------------------------------------
 RESULT-9:      mean increment     |      min. abs. increment     |     max. abs. increment
 --------------------------------------------------------------------------------------------
 RESULT-9:        9.3983e-05       |           2.4335e-05         |          5.5190e-04
 --------------------------------------------------------------------------------------------
 --------------------------------------------------------------------------------------------
 RESULT-9:   mean # determinants   |      min. # determinants     |     max. # determinants
 --------------------------------------------------------------------------------------------
 RESULT-9:        1.588e+04        |           1.588e+04          |          1.588e+04
 --------------------------------------------------------------------------------------------
 ||||||||||||||||||||||||||||||||||||||||||||||||||||||||||||||||||||||||||||||||||||||||||||
 --------------------------------------------------------------------------------------------
 STATUS-9:  order k = 9 purging started
 --------------------------------------------------------------------------------------------
 STATUS-9:  order k = 9 purging done in 0.00s
 --------------------------------------------------------------------------------------------


 --------------------------------------------------------------------------------------------
 STATUS-10:  order k = 10 MBE started  ---  1 tuples in total
 --------------------------------------------------------------------------------------------
 STATUS-10:   [##################################################]   ---  100.00 %
 --------------------------------------------------------------------------------------------
 STATUS-10:   [##################################################]   ---  100.00 %
 --------------------------------------------------------------------------------------------
 STATUS-10:  order k = 10 MBE done in 0.51s  ---  1 tuples retained
 --------------------------------------------------------------------------------------------
 ||||||||||||||||||||||||||||||||||||||||||||||||||||||||||||||||||||||||||||||||||||||||||||
 --------------------------------------------------------------------------------------------
 RESULT-10:                energy for root 0 (total increment = -1.6826e-03)                
 --------------------------------------------------------------------------------------------
 --------------------------------------------------------------------------------------------
 RESULT-10:      mean increment     |      min. abs. increment     |     max. abs. increment
 --------------------------------------------------------------------------------------------
 RESULT-10:       -1.6826e-03       |           1.6826e-03         |          1.6826e-03
 --------------------------------------------------------------------------------------------
 --------------------------------------------------------------------------------------------
 RESULT-10:   mean # determinants   |      min. # determinants     |     max. # determinants
 --------------------------------------------------------------------------------------------
 RESULT-10:        6.350e+04        |           6.350e+04          |          6.350e+04
 --------------------------------------------------------------------------------------------
 ||||||||||||||||||||||||||||||||||||||||||||||||||||||||||||||||||||||||||||||||||||||||||||
 --------------------------------------------------------------------------------------------
 STATUS-10:  order k = 10 purging started
 --------------------------------------------------------------------------------------------
 STATUS-10:  order k = 10 purging done in 0.00s
 --------------------------------------------------------------------------------------------



