

   ooooooooo.               ooo        ooooo oooooooooo.  oooooooooooo
   `888   `Y88.             `88.       .888' `888'   `Y8b `888'     `8
    888   .d88' oooo    ooo  888b     d'888   888     888  888
    888ooo88P'   `88.  .8'   8 Y88. .P  888   888oooo888'  888oooo8
    888           `88..8'    8  `888'   888   888    `88b  888    "
    888            `888'     8    Y     888   888    .88P  888       o
   o888o            .8'     o8o        o888o o888bood8P'  o888ooooood8
                .o..P'
                `Y8P'


   -- date & time   : 2019-10-18 & 15:49:20
   -- git version   : 6c5b60720502fa524a3bcb17d9730c2eadcc44db
   -- local masters :
   #### rank / node :      0 / eduroam-156-164.nomadic.bris.ac.uk


                     ---------------------------------------------                     
                                     FCI expansion                                     
                     ---------------------------------------------                     


 --------------------------------------------------------------------------------------------
 STATUS:  order k = 2 MBE started  ---  32 tuples in total
 --------------------------------------------------------------------------------------------
 STATUS:   [##################################################]   ---  100.00 %
 --------------------------------------------------------------------------------------------
 STATUS:  order k = 2 MBE done in 0.08s
 --------------------------------------------------------------------------------------------
 ||||||||||||||||||||||||||||||||||||||||||||||||||||||||||||||||||||||||||||||||||||||||||||
 --------------------------------------------------------------------------------------------
 RESULT:                energy for root 0 (total increment = -3.7253e-02)                
 --------------------------------------------------------------------------------------------
 --------------------------------------------------------------------------------------------
 RESULT:      mean increment     |      min. abs. increment     |     max. abs. increment
 --------------------------------------------------------------------------------------------
 RESULT:       -1.1641e-03       |           1.4791e-05         |          7.3714e-03
 --------------------------------------------------------------------------------------------
 --------------------------------------------------------------------------------------------
 RESULT:   mean # determinants   |      min. # determinants     |     max. # determinants
 --------------------------------------------------------------------------------------------
 RESULT:        4.000e+00        |           4.000e+00          |          4.000e+00
 --------------------------------------------------------------------------------------------
 ||||||||||||||||||||||||||||||||||||||||||||||||||||||||||||||||||||||||||||||||||||||||||||
 --------------------------------------------------------------------------------------------
 STATUS:  order k = 2 screening started
 --------------------------------------------------------------------------------------------
 --------------------------------------------------------------------------------------------
 STATUS:  order k = 2 screening done in 0.00s
 --------------------------------------------------------------------------------------------


 --------------------------------------------------------------------------------------------
 STATUS:  order k = 3 MBE started  ---  160 tuples in total
 --------------------------------------------------------------------------------------------
 STATUS:   [##################################################]   ---  100.00 %
 --------------------------------------------------------------------------------------------
 STATUS:  order k = 3 MBE done in 0.42s
 --------------------------------------------------------------------------------------------
 ||||||||||||||||||||||||||||||||||||||||||||||||||||||||||||||||||||||||||||||||||||||||||||
 --------------------------------------------------------------------------------------------
 RESULT:                energy for root 0 (total increment = -4.3805e-02)                
 --------------------------------------------------------------------------------------------
 --------------------------------------------------------------------------------------------
 RESULT:      mean increment     |      min. abs. increment     |     max. abs. increment
 --------------------------------------------------------------------------------------------
 RESULT:       -2.7378e-04       |           1.4881e-07         |          6.7326e-03
 --------------------------------------------------------------------------------------------
 --------------------------------------------------------------------------------------------
 RESULT:   mean # determinants   |      min. # determinants     |     max. # determinants
 --------------------------------------------------------------------------------------------
 RESULT:        9.000e+00        |           9.000e+00          |          9.000e+00
 --------------------------------------------------------------------------------------------
 ||||||||||||||||||||||||||||||||||||||||||||||||||||||||||||||||||||||||||||||||||||||||||||
 --------------------------------------------------------------------------------------------
 STATUS:  order k = 3 screening started
 --------------------------------------------------------------------------------------------
 --------------------------------------------------------------------------------------------
 STATUS:  order k = 3 screening done in 0.02s
 --------------------------------------------------------------------------------------------


 --------------------------------------------------------------------------------------------
 STATUS:  order k = 4 MBE started  ---  424 tuples in total
 --------------------------------------------------------------------------------------------
 STATUS:   [##################################################]   ---  100.00 %
 --------------------------------------------------------------------------------------------
 STATUS:  order k = 4 MBE done in 1.44s
 --------------------------------------------------------------------------------------------
 ||||||||||||||||||||||||||||||||||||||||||||||||||||||||||||||||||||||||||||||||||||||||||||
 --------------------------------------------------------------------------------------------
 RESULT:                energy for root 0 (total increment = -7.8444e-02)                
 --------------------------------------------------------------------------------------------
 --------------------------------------------------------------------------------------------
 RESULT:      mean increment     |      min. abs. increment     |     max. abs. increment
 --------------------------------------------------------------------------------------------
 RESULT:       -1.8501e-04       |           3.9885e-09         |          3.1701e-03
 --------------------------------------------------------------------------------------------
 --------------------------------------------------------------------------------------------
 RESULT:   mean # determinants   |      min. # determinants     |     max. # determinants
 --------------------------------------------------------------------------------------------
 RESULT:        2.400e+01        |           1.600e+01          |          3.600e+01
 --------------------------------------------------------------------------------------------
 ||||||||||||||||||||||||||||||||||||||||||||||||||||||||||||||||||||||||||||||||||||||||||||
 --------------------------------------------------------------------------------------------
 STATUS:  order k = 4 screening started
 --------------------------------------------------------------------------------------------
 --------------------------------------------------------------------------------------------
 STATUS:  order k = 4 screening done in 0.03s
 --------------------------------------------------------------------------------------------


 --------------------------------------------------------------------------------------------
 STATUS:  order k = 5 MBE started  ---  736 tuples in total
 --------------------------------------------------------------------------------------------
 STATUS:   [##################################################]   ---  100.00 %
 --------------------------------------------------------------------------------------------
 STATUS:  order k = 5 MBE done in 2.94s
 --------------------------------------------------------------------------------------------
 ||||||||||||||||||||||||||||||||||||||||||||||||||||||||||||||||||||||||||||||||||||||||||||
 --------------------------------------------------------------------------------------------
 RESULT:                energy for root 0 (total increment = 2.0443e-02)                 
 --------------------------------------------------------------------------------------------
 --------------------------------------------------------------------------------------------
 RESULT:      mean increment     |      min. abs. increment     |     max. abs. increment
 --------------------------------------------------------------------------------------------
 RESULT:        2.7776e-05       |           1.5105e-09         |          7.5194e-04
 --------------------------------------------------------------------------------------------
 --------------------------------------------------------------------------------------------
 RESULT:   mean # determinants   |      min. # determinants     |     max. # determinants
 --------------------------------------------------------------------------------------------
 RESULT:        7.100e+01        |           2.500e+01          |          1.000e+02
 --------------------------------------------------------------------------------------------
 ||||||||||||||||||||||||||||||||||||||||||||||||||||||||||||||||||||||||||||||||||||||||||||
 --------------------------------------------------------------------------------------------
 STATUS:  order k = 5 screening started
 --------------------------------------------------------------------------------------------
 --------------------------------------------------------------------------------------------
 STATUS:  order k = 5 screening done in 0.05s
 --------------------------------------------------------------------------------------------


 --------------------------------------------------------------------------------------------
 STATUS:  order k = 6 MBE started  ---  896 tuples in total
 --------------------------------------------------------------------------------------------
 STATUS:   [##################################################]   ---  100.00 %
 --------------------------------------------------------------------------------------------
 STATUS:  order k = 6 MBE done in 4.42s
 --------------------------------------------------------------------------------------------
 ||||||||||||||||||||||||||||||||||||||||||||||||||||||||||||||||||||||||||||||||||||||||||||
 --------------------------------------------------------------------------------------------
 RESULT:                energy for root 0 (total increment = 6.2914e-03)                 
 --------------------------------------------------------------------------------------------
 --------------------------------------------------------------------------------------------
 RESULT:      mean increment     |      min. abs. increment     |     max. abs. increment
 --------------------------------------------------------------------------------------------
 RESULT:        7.0216e-06       |           3.8241e-11         |          3.0058e-04
 --------------------------------------------------------------------------------------------
 --------------------------------------------------------------------------------------------
 RESULT:   mean # determinants   |      min. # determinants     |     max. # determinants
 --------------------------------------------------------------------------------------------
 RESULT:        2.220e+02        |           3.600e+01          |          4.000e+02
 --------------------------------------------------------------------------------------------
 ||||||||||||||||||||||||||||||||||||||||||||||||||||||||||||||||||||||||||||||||||||||||||||
 --------------------------------------------------------------------------------------------
 STATUS:  order k = 6 screening started
 --------------------------------------------------------------------------------------------
 --------------------------------------------------------------------------------------------
 STATUS:  order k = 6 screening done in 0.06s
 --------------------------------------------------------------------------------------------


 --------------------------------------------------------------------------------------------
 STATUS:  order k = 7 MBE started  ---  783 tuples in total
 --------------------------------------------------------------------------------------------
 STATUS:   [##################################################]   ---  100.00 %
 --------------------------------------------------------------------------------------------
 STATUS:  order k = 7 MBE done in 4.94s
 --------------------------------------------------------------------------------------------
 ||||||||||||||||||||||||||||||||||||||||||||||||||||||||||||||||||||||||||||||||||||||||||||
 --------------------------------------------------------------------------------------------
 RESULT:                energy for root 0 (total increment = -3.3536e-03)                
 --------------------------------------------------------------------------------------------
 --------------------------------------------------------------------------------------------
 RESULT:      mean increment     |      min. abs. increment     |     max. abs. increment
 --------------------------------------------------------------------------------------------
 RESULT:       -4.2830e-06       |           8.8306e-11         |          1.8363e-04
 --------------------------------------------------------------------------------------------
 --------------------------------------------------------------------------------------------
 RESULT:   mean # determinants   |      min. # determinants     |     max. # determinants
 --------------------------------------------------------------------------------------------
 RESULT:        7.220e+02        |           4.900e+01          |          1.225e+03
 --------------------------------------------------------------------------------------------
 ||||||||||||||||||||||||||||||||||||||||||||||||||||||||||||||||||||||||||||||||||||||||||||
 --------------------------------------------------------------------------------------------
 STATUS:  order k = 7 screening started
 --------------------------------------------------------------------------------------------
 --------------------------------------------------------------------------------------------
 STATUS:  order k = 7 screening done in 0.04s
 --------------------------------------------------------------------------------------------


 --------------------------------------------------------------------------------------------
 STATUS:  order k = 8 MBE started  ---  481 tuples in total
 --------------------------------------------------------------------------------------------
 STATUS:   [##################################################]   ---  100.00 %
 --------------------------------------------------------------------------------------------
 STATUS:  order k = 8 MBE done in 4.59s
 --------------------------------------------------------------------------------------------
 ||||||||||||||||||||||||||||||||||||||||||||||||||||||||||||||||||||||||||||||||||||||||||||
 --------------------------------------------------------------------------------------------
 RESULT:                energy for root 0 (total increment = 2.5988e-04)                 
 --------------------------------------------------------------------------------------------
 --------------------------------------------------------------------------------------------
 RESULT:      mean increment     |      min. abs. increment     |     max. abs. increment
 --------------------------------------------------------------------------------------------
 RESULT:        5.4029e-07       |           1.9472e-10         |          7.6799e-05
 --------------------------------------------------------------------------------------------
 --------------------------------------------------------------------------------------------
 RESULT:   mean # determinants   |      min. # determinants     |     max. # determinants
 --------------------------------------------------------------------------------------------
 RESULT:        2.445e+03        |           6.400e+01          |          4.900e+03
 --------------------------------------------------------------------------------------------
 ||||||||||||||||||||||||||||||||||||||||||||||||||||||||||||||||||||||||||||||||||||||||||||
 --------------------------------------------------------------------------------------------
 STATUS:  order k = 8 screening started
 --------------------------------------------------------------------------------------------
 --------------------------------------------------------------------------------------------
 STATUS:  order k = 8 screening done in 0.03s
 --------------------------------------------------------------------------------------------


 --------------------------------------------------------------------------------------------
 STATUS:  order k = 9 MBE started  ---  185 tuples in total
 --------------------------------------------------------------------------------------------
 STATUS:   [##################################################]   ---  100.00 %
 --------------------------------------------------------------------------------------------
 STATUS:  order k = 9 MBE done in 3.52s
 --------------------------------------------------------------------------------------------
 ||||||||||||||||||||||||||||||||||||||||||||||||||||||||||||||||||||||||||||||||||||||||||||
 --------------------------------------------------------------------------------------------
 RESULT:                energy for root 0 (total increment = 3.0347e-05)                 
 --------------------------------------------------------------------------------------------
 --------------------------------------------------------------------------------------------
 RESULT:      mean increment     |      min. abs. increment     |     max. abs. increment
 --------------------------------------------------------------------------------------------
 RESULT:        1.6404e-07       |           3.9279e-11         |          1.2786e-05
 --------------------------------------------------------------------------------------------
 --------------------------------------------------------------------------------------------
 RESULT:   mean # determinants   |      min. # determinants     |     max. # determinants
 --------------------------------------------------------------------------------------------
 RESULT:        9.103e+03        |           1.296e+03          |          1.588e+04
 --------------------------------------------------------------------------------------------
 ||||||||||||||||||||||||||||||||||||||||||||||||||||||||||||||||||||||||||||||||||||||||||||
 --------------------------------------------------------------------------------------------
 STATUS:  order k = 9 screening started
 --------------------------------------------------------------------------------------------
 --------------------------------------------------------------------------------------------
 STATUS:  order k = 9 screening done in 0.01s
 --------------------------------------------------------------------------------------------


 --------------------------------------------------------------------------------------------
 STATUS:  order k = 10 MBE started  ---  33 tuples in total
 --------------------------------------------------------------------------------------------
 STATUS:   [##################################################]   ---  100.00 %
 --------------------------------------------------------------------------------------------
 STATUS:  order k = 10 MBE done in 2.15s
 --------------------------------------------------------------------------------------------
 ||||||||||||||||||||||||||||||||||||||||||||||||||||||||||||||||||||||||||||||||||||||||||||
 --------------------------------------------------------------------------------------------
 RESULT:                energy for root 0 (total increment = 4.3549e-06)                 
 --------------------------------------------------------------------------------------------
 --------------------------------------------------------------------------------------------
 RESULT:      mean increment     |      min. abs. increment     |     max. abs. increment
 --------------------------------------------------------------------------------------------
 RESULT:        1.3197e-07       |           1.0740e-08         |          6.6411e-06
 --------------------------------------------------------------------------------------------
 --------------------------------------------------------------------------------------------
 RESULT:   mean # determinants   |      min. # determinants     |     max. # determinants
 --------------------------------------------------------------------------------------------
 RESULT:        3.870e+04        |           1.440e+04          |          4.410e+04
 --------------------------------------------------------------------------------------------
 ||||||||||||||||||||||||||||||||||||||||||||||||||||||||||||||||||||||||||||||||||||||||||||
 --------------------------------------------------------------------------------------------
 STATUS:  order k = 10 screening started
 --------------------------------------------------------------------------------------------
 --------------------------------------------------------------------------------------------
 STATUS:  order k = 10 screening done in 0.00s
 STATUS:                  *** convergence has been reached ***                         
 --------------------------------------------------------------------------------------------


